<?xml version="1.0" encoding="UTF-8"?>
<!-- Generated by org.testng.reporters.JUnitReportReporter -->
<testsuite hostname="ATMECSINLT-474" failures="0" tests="1" name="com.atmecs.SensorTesting.testscripts.GPSsensorTest" time="74.446" errors="0" timestamp="2023-06-19T18:52:44 IST" skipped="0">
  <testcase classname="com.atmecs.SensorTesting.testscripts.GPSsensorTest" name="invokeBrowser" time="74.446"/>
  <system-out/>
</testsuite> <!-- com.atmecs.SensorTesting.testscripts.GPSsensorTest -->
