<?xml version="1.0" encoding="UTF-8"?>
<!-- Generated by org.testng.reporters.JUnitReportReporter -->
<testsuite hostname="ATMECSINLT-474" failures="0" tests="1" name="com.atmecs.SensorTesting.testscripts.FirstSensorTest" time="62.416" errors="0" timestamp="2023-06-23T15:04:50 IST" skipped="0">
  <testcase classname="com.atmecs.SensorTesting.testscripts.FirstSensorTest" name="firstsensor" time="62.416"/>
  <system-out/>
</testsuite> <!-- com.atmecs.SensorTesting.testscripts.FirstSensorTest -->
