<?xml version="1.0" encoding="UTF-8"?>
<!-- Generated by org.testng.reporters.JUnitReportReporter -->
<testsuite hostname="ATMECSINLT-474" failures="0" tests="1" name="com.atmecs.SensorTesting.testscripts.SensorsTest" time="74.962" errors="0" timestamp="2023-06-21T12:28:15 IST" skipped="0">
  <testcase classname="com.atmecs.SensorTesting.testscripts.SensorsTest" name="sensors" time="74.962"/>
  <system-out/>
</testsuite> <!-- com.atmecs.SensorTesting.testscripts.SensorsTest -->
